22:19:08.393 [main] INFO  testCases.TC_001_AccountRegistrationTest - Launching Browser...
22:19:08.895 [main] INFO  testCases.TC_001_AccountRegistrationTest - *********** Starting TC_001_AccountRegistrationTest ************ 
22:19:08.956 [main] INFO  testCases.TC_001_AccountRegistrationTest - Clicked on my Account link
22:19:10.075 [main] INFO  testCases.TC_001_AccountRegistrationTest - Clicked on my Registration link
22:19:10.077 [main] INFO  testCases.TC_001_AccountRegistrationTest - Providing customer details......
22:19:11.418 [main] INFO  testCases.TC_001_AccountRegistrationTest - Clicked on continue button...
22:19:11.453 [main] INFO  testCases.TC_001_AccountRegistrationTest - test  passed
22:19:11.455 [main] INFO  testCases.TC_001_AccountRegistrationTest - *********** Finished TC_001_AccountRegistrationTest ************ 
22:19:11.459 [main] INFO  testCases.TC_001_AccountRegistrationTest - Closing application...
22:38:13.027 [main] INFO  testCases.TC_001_AccountRegistrationTest - Launching Browser...
22:38:13.512 [main] INFO  testCases.TC_001_AccountRegistrationTest - *********** Starting TC_001_AccountRegistrationTest ************ 
22:38:13.584 [main] INFO  testCases.TC_001_AccountRegistrationTest - Clicked on my Account link
22:38:14.710 [main] INFO  testCases.TC_001_AccountRegistrationTest - Clicked on my Registration link
22:38:14.711 [main] INFO  testCases.TC_001_AccountRegistrationTest - Providing customer details......
22:38:16.231 [main] INFO  testCases.TC_001_AccountRegistrationTest - Clicked on continue button...
22:38:16.272 [main] INFO  testCases.TC_001_AccountRegistrationTest - test  passed
22:38:16.273 [main] INFO  testCases.TC_001_AccountRegistrationTest - *********** Finished TC_001_AccountRegistrationTest ************ 
22:38:16.277 [main] INFO  testCases.TC_001_AccountRegistrationTest - Closing application...
22:41:38.745 [main] INFO  testCases.TC_001_AccountRegistrationTest - Launching Browser...
22:41:39.258 [main] INFO  testCases.TC_001_AccountRegistrationTest - *********** Starting TC_001_AccountRegistrationTest ************ 
22:41:39.329 [main] INFO  testCases.TC_001_AccountRegistrationTest - Clicked on my Account link
22:41:40.433 [main] INFO  testCases.TC_001_AccountRegistrationTest - Clicked on my Registration link
22:41:40.435 [main] INFO  testCases.TC_001_AccountRegistrationTest - Providing customer details......
22:41:42.062 [main] INFO  testCases.TC_001_AccountRegistrationTest - Clicked on continue button...
22:41:42.105 [main] INFO  testCases.TC_001_AccountRegistrationTest - test  passed
22:41:42.106 [main] INFO  testCases.TC_001_AccountRegistrationTest - *********** Finished TC_001_AccountRegistrationTest ************ 
22:41:42.110 [main] INFO  testCases.TC_001_AccountRegistrationTest - Closing application...
22:43:13.074 [TestNG-tests-1] INFO  testCases.TC_001_AccountRegistrationTest - Launching Browser...
22:43:13.557 [TestNG-tests-1] INFO  testCases.TC_001_AccountRegistrationTest - *********** Starting TC_001_AccountRegistrationTest ************ 
22:43:13.618 [TestNG-tests-1] INFO  testCases.TC_001_AccountRegistrationTest - Clicked on my Account link
22:43:14.655 [TestNG-tests-1] INFO  testCases.TC_001_AccountRegistrationTest - Clicked on my Registration link
22:43:14.657 [TestNG-tests-1] INFO  testCases.TC_001_AccountRegistrationTest - Providing customer details......
22:43:16.170 [TestNG-tests-1] INFO  testCases.TC_001_AccountRegistrationTest - Clicked on continue button...
22:43:16.212 [TestNG-tests-1] INFO  testCases.TC_001_AccountRegistrationTest - test  passed
22:43:16.213 [TestNG-tests-1] INFO  testCases.TC_001_AccountRegistrationTest - *********** Finished TC_001_AccountRegistrationTest ************ 
22:43:16.217 [TestNG-tests-1] INFO  testCases.TC_001_AccountRegistrationTest - Closing application...
22:44:09.800 [TestNG-tests-1] INFO  testCases.TC_001_AccountRegistrationTest - Launching Browser...
22:44:10.293 [TestNG-tests-1] INFO  testCases.TC_001_AccountRegistrationTest - *********** Starting TC_001_AccountRegistrationTest ************ 
22:44:10.364 [TestNG-tests-1] INFO  testCases.TC_001_AccountRegistrationTest - Clicked on my Account link
22:44:11.142 [TestNG-tests-1] INFO  testCases.TC_001_AccountRegistrationTest - Clicked on my Registration link
22:44:11.144 [TestNG-tests-1] INFO  testCases.TC_001_AccountRegistrationTest - Providing customer details......
22:44:12.692 [TestNG-tests-1] INFO  testCases.TC_001_AccountRegistrationTest - Clicked on continue button...
22:44:12.738 [TestNG-tests-1] INFO  testCases.TC_001_AccountRegistrationTest - test  passed
22:44:12.742 [TestNG-tests-1] INFO  testCases.TC_001_AccountRegistrationTest - *********** Finished TC_001_AccountRegistrationTest ************ 
22:44:12.746 [TestNG-tests-1] INFO  testCases.TC_001_AccountRegistrationTest - Closing application...
22:54:47.862 [TestNG-tests-2] INFO  testCases.TC_001_AccountRegistrationTest - Launching Firefox Browser..
22:54:59.023 [TestNG-tests-1] INFO  testCases.TC_001_AccountRegistrationTest - Launching Browser...
22:54:59.524 [TestNG-tests-1] INFO  testCases.TC_001_AccountRegistrationTest - *********** Starting TC_001_AccountRegistrationTest ************ 
22:54:59.594 [TestNG-tests-1] INFO  testCases.TC_001_AccountRegistrationTest - Clicked on my Account link
22:55:00.709 [TestNG-tests-1] INFO  testCases.TC_001_AccountRegistrationTest - Clicked on my Registration link
22:55:00.711 [TestNG-tests-1] INFO  testCases.TC_001_AccountRegistrationTest - Providing customer details......
22:55:02.139 [TestNG-tests-1] INFO  testCases.TC_001_AccountRegistrationTest - Clicked on continue button...
22:55:02.185 [TestNG-tests-1] INFO  testCases.TC_001_AccountRegistrationTest - test  passed
22:55:02.186 [TestNG-tests-1] INFO  testCases.TC_001_AccountRegistrationTest - *********** Finished TC_001_AccountRegistrationTest ************ 
22:55:02.190 [TestNG-tests-1] INFO  testCases.TC_001_AccountRegistrationTest - Closing application...
21:52:53.028 [main] INFO  testCases.TC_001_AccountRegistrationTest - Launching Chrome Browser..
21:53:01.357 [main] INFO  testCases.TC_001_AccountRegistrationTest - Launching Browser...
21:53:01.871 [main] INFO  testCases.TC_001_AccountRegistrationTest - *********** Starting TC_001_AccountRegistrationTest ************ 
21:53:01.934 [main] INFO  testCases.TC_001_AccountRegistrationTest - Clicked on my Account link
21:53:03.265 [main] INFO  testCases.TC_001_AccountRegistrationTest - Clicked on my Registration link
21:53:03.266 [main] INFO  testCases.TC_001_AccountRegistrationTest - Providing customer details......
21:53:04.987 [main] INFO  testCases.TC_001_AccountRegistrationTest - Clicked on continue button...
21:53:05.033 [main] INFO  testCases.TC_001_AccountRegistrationTest - test  passed
21:53:05.034 [main] INFO  testCases.TC_001_AccountRegistrationTest - *********** Finished TC_001_AccountRegistrationTest ************ 
21:53:05.039 [main] INFO  testCases.TC_001_AccountRegistrationTest - Closing application...
21:54:02.405 [main] INFO  testCases.TC_001_AccountRegistrationTest - Launching Chrome Browser..
21:54:13.235 [main] INFO  testCases.TC_001_AccountRegistrationTest - Launching Browser...
21:54:13.730 [main] INFO  testCases.TC_001_AccountRegistrationTest - *********** Starting TC_001_AccountRegistrationTest ************ 
21:54:13.807 [main] INFO  testCases.TC_001_AccountRegistrationTest - Clicked on my Account link
21:54:14.494 [main] INFO  testCases.TC_001_AccountRegistrationTest - Clicked on my Registration link
21:54:14.496 [main] INFO  testCases.TC_001_AccountRegistrationTest - Providing customer details......
21:54:16.087 [main] INFO  testCases.TC_001_AccountRegistrationTest - Clicked on continue button...
21:54:16.126 [main] INFO  testCases.TC_001_AccountRegistrationTest - test  passed
21:54:16.127 [main] INFO  testCases.TC_001_AccountRegistrationTest - *********** Finished TC_001_AccountRegistrationTest ************ 
21:54:16.131 [main] INFO  testCases.TC_001_AccountRegistrationTest - Closing application...
21:58:32.580 [main] INFO  testCases.TC_001_AccountRegistrationTest - Launching Chrome Browser..
21:58:41.478 [main] INFO  testCases.TC_001_AccountRegistrationTest - Launching Browser...
21:58:41.981 [main] INFO  testCases.TC_001_AccountRegistrationTest - *********** Starting TC_001_AccountRegistrationTest ************ 
21:58:42.043 [main] INFO  testCases.TC_001_AccountRegistrationTest - Clicked on my Account link
21:58:43.166 [main] INFO  testCases.TC_001_AccountRegistrationTest - Clicked on my Registration link
21:58:43.167 [main] INFO  testCases.TC_001_AccountRegistrationTest - Providing customer details......
21:58:44.525 [main] INFO  testCases.TC_001_AccountRegistrationTest - Clicked on continue button...
21:58:44.562 [main] INFO  testCases.TC_001_AccountRegistrationTest - test  passed
21:58:44.562 [main] INFO  testCases.TC_001_AccountRegistrationTest - *********** Finished TC_001_AccountRegistrationTest ************ 
21:58:44.567 [main] INFO  testCases.TC_001_AccountRegistrationTest - Closing application...
20:51:18.155 [main] INFO  testCases.TC_001_AccountRegistrationTest - Launching Chrome Browser..
20:51:23.260 [main] INFO  testCases.TC_001_AccountRegistrationTest - Launching Browser...
20:51:23.743 [main] INFO  testCases.TC_001_AccountRegistrationTest - *********** Starting TC_001_AccountRegistrationTest ************ 
20:51:23.806 [main] INFO  testCases.TC_001_AccountRegistrationTest - Clicked on my Account link
20:51:24.529 [main] INFO  testCases.TC_001_AccountRegistrationTest - Clicked on my Registration link
20:51:24.530 [main] INFO  testCases.TC_001_AccountRegistrationTest - Providing customer details......
20:51:26.034 [main] INFO  testCases.TC_001_AccountRegistrationTest - Clicked on continue button...
20:51:26.119 [main] INFO  testCases.TC_001_AccountRegistrationTest - test  passed
20:51:26.121 [main] INFO  testCases.TC_001_AccountRegistrationTest - *********** Finished TC_001_AccountRegistrationTest ************ 
20:51:26.124 [main] INFO  testCases.TC_001_AccountRegistrationTest - Closing application...
21:35:11.679 [main] INFO  testCases.TC_001_AccountRegistrationTest - Launching Chrome Browser..
21:35:21.725 [main] INFO  testCases.TC_001_AccountRegistrationTest - Launching Browser...
21:35:22.228 [main] INFO  testCases.TC_001_AccountRegistrationTest - *********** Starting TC_001_AccountRegistrationTest ************ 
21:35:22.301 [main] INFO  testCases.TC_001_AccountRegistrationTest - Clicked on my Account link
21:35:23.595 [main] INFO  testCases.TC_001_AccountRegistrationTest - Clicked on my Registration link
21:35:23.596 [main] INFO  testCases.TC_001_AccountRegistrationTest - Providing customer details......
21:35:25.176 [main] INFO  testCases.TC_001_AccountRegistrationTest - Clicked on continue button...
21:35:25.214 [main] INFO  testCases.TC_001_AccountRegistrationTest - test  passed
21:35:25.215 [main] INFO  testCases.TC_001_AccountRegistrationTest - *********** Finished TC_001_AccountRegistrationTest ************ 
21:35:25.232 [main] INFO  testCases.TC_001_AccountRegistrationTest - Closing application...
21:38:10.625 [main] INFO  testCases.TC_001_AccountRegistrationTest - Launching Chrome Browser..
21:38:18.727 [main] INFO  testCases.TC_001_AccountRegistrationTest - Launching Browser...
21:38:19.234 [main] INFO  testCases.TC_001_AccountRegistrationTest - *********** Starting TC_001_AccountRegistrationTest ************ 
21:38:19.312 [main] INFO  testCases.TC_001_AccountRegistrationTest - Clicked on my Account link
21:38:20.265 [main] INFO  testCases.TC_001_AccountRegistrationTest - Clicked on my Registration link
21:38:20.267 [main] INFO  testCases.TC_001_AccountRegistrationTest - Providing customer details......
21:38:21.731 [main] INFO  testCases.TC_001_AccountRegistrationTest - Clicked on continue button...
21:38:21.770 [main] INFO  testCases.TC_001_AccountRegistrationTest - test  passed
21:38:21.776 [main] INFO  testCases.TC_001_AccountRegistrationTest - *********** Finished TC_001_AccountRegistrationTest ************ 
21:38:21.794 [main] INFO  testCases.TC_001_AccountRegistrationTest - Closing application...
21:40:37.922 [main] INFO  testCases.TC_001_AccountRegistrationTest - Launching Chrome Browser..
21:40:46.343 [main] INFO  testCases.TC_001_AccountRegistrationTest - Launching Browser...
21:40:46.855 [main] INFO  testCases.TC_001_AccountRegistrationTest - *********** Starting TC_001_AccountRegistrationTest ************ 
21:40:46.929 [main] INFO  testCases.TC_001_AccountRegistrationTest - Clicked on my Account link
21:41:00.078 [main] INFO  testCases.TC_001_AccountRegistrationTest - Clicked on my Registration link
21:41:00.079 [main] INFO  testCases.TC_001_AccountRegistrationTest - Providing customer details......
21:41:01.142 [main] INFO  testCases.TC_001_AccountRegistrationTest - Clicked on continue button...
21:41:11.191 [main] ERROR testCases.TC_001_AccountRegistrationTest - test failed
21:41:11.298 [main] INFO  testCases.TC_001_AccountRegistrationTest - Closing application...
21:42:17.999 [main] INFO  testCases.TC_001_AccountRegistrationTest - Launching Chrome Browser..
21:42:26.292 [main] INFO  testCases.TC_001_AccountRegistrationTest - Launching Browser...
21:42:26.940 [main] INFO  testCases.TC_001_AccountRegistrationTest - *********** Starting TC_001_AccountRegistrationTest ************ 
21:42:27.035 [main] INFO  testCases.TC_001_AccountRegistrationTest - Clicked on my Account link
21:42:28.185 [main] INFO  testCases.TC_001_AccountRegistrationTest - Clicked on my Registration link
21:42:28.186 [main] INFO  testCases.TC_001_AccountRegistrationTest - Providing customer details......
21:42:29.196 [main] INFO  testCases.TC_001_AccountRegistrationTest - Clicked on continue button...
21:42:39.238 [main] ERROR testCases.TC_001_AccountRegistrationTest - test failed
21:42:39.758 [main] INFO  testCases.TC_001_AccountRegistrationTest - Closing application...
21:44:30.941 [main] INFO  testCases.TC_001_AccountRegistrationTest - Launching Chrome Browser..
21:44:39.311 [main] INFO  testCases.TC_001_AccountRegistrationTest - Launching Browser...
21:44:39.811 [main] INFO  testCases.TC_001_AccountRegistrationTest - *********** Starting TC_001_AccountRegistrationTest ************ 
21:44:39.874 [main] INFO  testCases.TC_001_AccountRegistrationTest - Clicked on my Account link
21:44:40.995 [main] INFO  testCases.TC_001_AccountRegistrationTest - Clicked on my Registration link
21:44:40.996 [main] INFO  testCases.TC_001_AccountRegistrationTest - Providing customer details......
21:44:42.446 [main] INFO  testCases.TC_001_AccountRegistrationTest - Clicked on continue button...
21:44:42.489 [main] INFO  testCases.TC_001_AccountRegistrationTest - test  passed
21:44:42.490 [main] INFO  testCases.TC_001_AccountRegistrationTest - *********** Finished TC_001_AccountRegistrationTest ************ 
21:44:42.502 [main] INFO  testCases.TC_001_AccountRegistrationTest - Closing application...
18:09:39.996 [main] INFO  testCases.TC_001_AccountRegistrationTest - Launching Chrome Browser..
18:09:45.556 [main] INFO  testCases.TC_001_AccountRegistrationTest - Launching Browser...
18:09:46.079 [main] INFO  testCases.TC_001_AccountRegistrationTest - *********** Starting TC_001_AccountRegistrationTest ************ 
18:09:46.150 [main] INFO  testCases.TC_001_AccountRegistrationTest - Clicked on my Account link
18:09:46.860 [main] INFO  testCases.TC_001_AccountRegistrationTest - Clicked on my Registration link
18:09:46.862 [main] INFO  testCases.TC_001_AccountRegistrationTest - Providing customer details......
18:09:48.674 [main] INFO  testCases.TC_001_AccountRegistrationTest - Clicked on continue button...
18:09:48.712 [main] INFO  testCases.TC_001_AccountRegistrationTest - test  passed
18:09:48.714 [main] INFO  testCases.TC_001_AccountRegistrationTest - *********** Finished TC_001_AccountRegistrationTest ************ 
18:09:48.725 [main] INFO  testCases.TC_001_AccountRegistrationTest - Closing application...
18:09:48.877 [main] INFO  testCases.TC_002_LoginTest - Launching Chrome Browser..
18:09:59.053 [main] INFO  testCases.TC_002_LoginTest - Launching Browser...
18:09:59.525 [main] INFO  testCases.TC_002_LoginTest - Starting TC_002_LoginTest......
18:10:01.788 [main] INFO  testCases.TC_002_LoginTest - Finished TC_002_LoginTest......
18:10:01.790 [main] INFO  testCases.TC_002_LoginTest - Closing application...
19:15:46.213 [main] INFO  testCases.TC_003_LoginDataDrivenTest - Launching Chrome Browser..
19:15:51.680 [main] INFO  testCases.TC_003_LoginDataDrivenTest - Launching Browser...
19:15:52.982 [main] INFO  testCases.TC_003_LoginDataDrivenTest - Started TC_003_DataDrivenTest......
19:15:56.174 [main] INFO  testCases.TC_003_LoginDataDrivenTest - Finished TC_003_LoginDataDrivenTest......
19:15:56.189 [main] INFO  testCases.TC_003_LoginDataDrivenTest - Started TC_003_DataDrivenTest......
19:16:07.489 [main] INFO  testCases.TC_003_LoginDataDrivenTest - Finished TC_003_LoginDataDrivenTest......
19:16:07.501 [main] INFO  testCases.TC_003_LoginDataDrivenTest - Started TC_003_DataDrivenTest......
19:16:18.756 [main] INFO  testCases.TC_003_LoginDataDrivenTest - Finished TC_003_LoginDataDrivenTest......
19:16:18.758 [main] INFO  testCases.TC_003_LoginDataDrivenTest - Started TC_003_DataDrivenTest......
19:16:30.675 [main] INFO  testCases.TC_003_LoginDataDrivenTest - Finished TC_003_LoginDataDrivenTest......
19:16:30.677 [main] INFO  testCases.TC_003_LoginDataDrivenTest - Started TC_003_DataDrivenTest......
19:16:34.156 [main] INFO  testCases.TC_003_LoginDataDrivenTest - Finished TC_003_LoginDataDrivenTest......
19:16:34.160 [main] INFO  testCases.TC_003_LoginDataDrivenTest - Closing application...
20:01:33.277 [main] INFO  testCases.TC_001_AccountRegistrationTest - Launching Chrome Browser..
20:01:41.518 [main] INFO  testCases.TC_001_AccountRegistrationTest - Launching Browser...
20:01:42.006 [main] INFO  testCases.TC_001_AccountRegistrationTest - *********** Starting TC_001_AccountRegistrationTest ************ 
20:01:42.082 [main] INFO  testCases.TC_001_AccountRegistrationTest - Clicked on my Account link
20:01:43.153 [main] INFO  testCases.TC_001_AccountRegistrationTest - Clicked on my Registration link
20:01:43.155 [main] INFO  testCases.TC_001_AccountRegistrationTest - Providing customer details......
20:01:44.745 [main] INFO  testCases.TC_001_AccountRegistrationTest - Clicked on continue button...
20:01:44.782 [main] INFO  testCases.TC_001_AccountRegistrationTest - test  passed
20:01:44.783 [main] INFO  testCases.TC_001_AccountRegistrationTest - *********** Finished TC_001_AccountRegistrationTest ************ 
20:01:44.794 [main] INFO  testCases.TC_001_AccountRegistrationTest - Closing application...
20:01:44.943 [main] INFO  testCases.TC_002_LoginTest - Launching Chrome Browser..
20:01:52.008 [main] INFO  testCases.TC_002_LoginTest - Launching Browser...
20:01:52.485 [main] INFO  testCases.TC_002_LoginTest - Starting TC_002_LoginTest......
20:01:54.319 [main] INFO  testCases.TC_002_LoginTest - Finished TC_002_LoginTest......
20:01:54.320 [main] INFO  testCases.TC_002_LoginTest - Closing application...
20:02:37.941 [main] INFO  testCases.TC_002_LoginTest - Launching Chrome Browser..
20:02:43.626 [main] INFO  testCases.TC_002_LoginTest - Launching Browser...
20:02:44.118 [main] INFO  testCases.TC_002_LoginTest - Starting TC_002_LoginTest......
20:02:45.925 [main] INFO  testCases.TC_002_LoginTest - Finished TC_002_LoginTest......
20:02:45.938 [main] INFO  testCases.TC_002_LoginTest - Closing application...
20:03:18.623 [main] INFO  testCases.TC_001_AccountRegistrationTest - Launching Chrome Browser..
20:03:30.009 [main] INFO  testCases.TC_001_AccountRegistrationTest - Launching Browser...
20:03:30.530 [main] INFO  testCases.TC_001_AccountRegistrationTest - *********** Starting TC_001_AccountRegistrationTest ************ 
20:03:30.602 [main] INFO  testCases.TC_001_AccountRegistrationTest - Clicked on my Account link
20:03:31.881 [main] INFO  testCases.TC_001_AccountRegistrationTest - Clicked on my Registration link
20:03:31.883 [main] INFO  testCases.TC_001_AccountRegistrationTest - Providing customer details......
20:03:33.449 [main] INFO  testCases.TC_001_AccountRegistrationTest - Clicked on continue button...
20:03:33.486 [main] INFO  testCases.TC_001_AccountRegistrationTest - test  passed
20:03:33.487 [main] INFO  testCases.TC_001_AccountRegistrationTest - *********** Finished TC_001_AccountRegistrationTest ************ 
20:03:33.499 [main] INFO  testCases.TC_001_AccountRegistrationTest - Closing application...
21:17:01.293 [main] INFO  testCases.TC_001_AccountRegistrationTest - Launching Chrome Browser..
21:17:06.440 [main] INFO  testCases.TC_001_AccountRegistrationTest - Launching Browser...
21:17:06.974 [main] INFO  testCases.TC_001_AccountRegistrationTest - *********** Starting TC_001_AccountRegistrationTest ************ 
21:17:07.042 [main] INFO  testCases.TC_001_AccountRegistrationTest - Clicked on my Account link
21:17:07.728 [main] INFO  testCases.TC_001_AccountRegistrationTest - Clicked on my Registration link
21:17:07.730 [main] INFO  testCases.TC_001_AccountRegistrationTest - Providing customer details......
21:17:09.260 [main] INFO  testCases.TC_001_AccountRegistrationTest - Clicked on continue button...
21:17:09.302 [main] INFO  testCases.TC_001_AccountRegistrationTest - test  passed
21:17:09.303 [main] INFO  testCases.TC_001_AccountRegistrationTest - *********** Finished TC_001_AccountRegistrationTest ************ 
21:17:09.317 [main] INFO  testCases.TC_001_AccountRegistrationTest - Closing application...
21:17:09.470 [main] INFO  testCases.TC_002_LoginTest - Launching Chrome Browser..
21:17:13.905 [main] INFO  testCases.TC_002_LoginTest - Launching Browser...
21:17:14.381 [main] INFO  testCases.TC_002_LoginTest - Starting TC_002_LoginTest......
21:17:26.253 [main] INFO  testCases.TC_002_LoginTest - Closing application...
21:19:41.755 [main] INFO  testCases.TC_002_LoginTest - Launching Chrome Browser..
21:19:46.468 [main] INFO  testCases.TC_002_LoginTest - Launching Browser...
21:19:46.968 [main] INFO  testCases.TC_002_LoginTest - Starting TC_002_LoginTest......
21:19:48.812 [main] INFO  testCases.TC_002_LoginTest - Finished TC_002_LoginTest......
21:19:48.825 [main] INFO  testCases.TC_002_LoginTest - Closing application...
23:03:32.920 [main] INFO  testCases.TC_001_AccountRegistrationTest - Launching Chrome Browser..
23:03:38.890 [main] INFO  testCases.TC_001_AccountRegistrationTest - Launching Browser...
23:03:39.414 [main] INFO  testCases.TC_001_AccountRegistrationTest - *********** Starting TC_001_AccountRegistrationTest ************ 
23:03:39.541 [main] INFO  testCases.TC_001_AccountRegistrationTest - Clicked on my Account link
23:03:40.528 [main] INFO  testCases.TC_001_AccountRegistrationTest - Clicked on my Registration link
23:03:40.531 [main] INFO  testCases.TC_001_AccountRegistrationTest - Providing customer details......
23:03:42.034 [main] INFO  testCases.TC_001_AccountRegistrationTest - Clicked on continue button...
23:03:42.073 [main] INFO  testCases.TC_001_AccountRegistrationTest - test  passed
23:03:42.080 [main] INFO  testCases.TC_001_AccountRegistrationTest - *********** Finished TC_001_AccountRegistrationTest ************ 
23:03:42.093 [main] INFO  testCases.TC_001_AccountRegistrationTest - Closing application...
23:03:42.223 [main] INFO  testCases.TC_002_LoginTest - Launching Chrome Browser..
23:03:46.971 [main] INFO  testCases.TC_002_LoginTest - Launching Browser...
23:03:47.439 [main] INFO  testCases.TC_002_LoginTest - Starting TC_002_LoginTest......
23:03:49.490 [main] INFO  testCases.TC_002_LoginTest - Finished TC_002_LoginTest......
23:03:49.492 [main] INFO  testCases.TC_002_LoginTest - Closing application...
23:09:34.316 [main] INFO  testCases.TC_001_AccountRegistrationTest - Launching Chrome Browser..
23:09:39.120 [main] INFO  testCases.TC_001_AccountRegistrationTest - Launching Browser...
23:09:39.605 [main] INFO  testCases.TC_001_AccountRegistrationTest - *********** Starting TC_001_AccountRegistrationTest ************ 
23:09:39.729 [main] INFO  testCases.TC_001_AccountRegistrationTest - Clicked on my Account link
23:09:41.341 [main] INFO  testCases.TC_001_AccountRegistrationTest - Clicked on my Registration link
23:09:41.343 [main] INFO  testCases.TC_001_AccountRegistrationTest - Providing customer details......
23:09:42.966 [main] INFO  testCases.TC_001_AccountRegistrationTest - Clicked on continue button...
23:09:43.008 [main] INFO  testCases.TC_001_AccountRegistrationTest - test  passed
23:09:43.012 [main] INFO  testCases.TC_001_AccountRegistrationTest - *********** Finished TC_001_AccountRegistrationTest ************ 
23:09:43.024 [main] INFO  testCases.TC_001_AccountRegistrationTest - Closing application...
23:09:43.162 [main] INFO  testCases.TC_002_LoginTest - Launching Chrome Browser..
23:09:50.562 [main] INFO  testCases.TC_002_LoginTest - Launching Browser...
23:09:51.054 [main] INFO  testCases.TC_002_LoginTest - Starting TC_002_LoginTest......
23:09:52.941 [main] INFO  testCases.TC_002_LoginTest - Finished TC_002_LoginTest......
23:09:52.942 [main] INFO  testCases.TC_002_LoginTest - Closing application...
23:10:43.287 [main] INFO  testCases.TC_001_AccountRegistrationTest - Launching Chrome Browser..
23:10:51.431 [main] INFO  testCases.TC_001_AccountRegistrationTest - Launching Browser...
23:10:51.946 [main] INFO  testCases.TC_001_AccountRegistrationTest - *********** Starting TC_001_AccountRegistrationTest ************ 
23:10:52.072 [main] INFO  testCases.TC_001_AccountRegistrationTest - Clicked on my Account link
23:10:53.129 [main] INFO  testCases.TC_001_AccountRegistrationTest - Clicked on my Registration link
23:10:53.131 [main] INFO  testCases.TC_001_AccountRegistrationTest - Providing customer details......
23:10:54.631 [main] INFO  testCases.TC_001_AccountRegistrationTest - Clicked on continue button...
23:10:54.669 [main] INFO  testCases.TC_001_AccountRegistrationTest - test  passed
23:10:54.670 [main] INFO  testCases.TC_001_AccountRegistrationTest - *********** Finished TC_001_AccountRegistrationTest ************ 
23:10:54.684 [main] INFO  testCases.TC_001_AccountRegistrationTest - Closing application...
23:10:54.824 [main] INFO  testCases.TC_002_LoginTest - Launching Chrome Browser..
23:11:03.935 [main] INFO  testCases.TC_002_LoginTest - Launching Browser...
23:11:04.435 [main] INFO  testCases.TC_002_LoginTest - Starting TC_002_LoginTest......
23:11:06.341 [main] INFO  testCases.TC_002_LoginTest - Finished TC_002_LoginTest......
23:11:06.343 [main] INFO  testCases.TC_002_LoginTest - Closing application...
00:34:55.371 [main] INFO  testCases.TC_001_AccountRegistrationTest - Launching Chrome Browser..
00:35:00.260 [main] INFO  testCases.TC_001_AccountRegistrationTest - Launching Browser...
00:35:00.746 [main] INFO  testCases.TC_001_AccountRegistrationTest - *********** Starting TC_001_AccountRegistrationTest ************ 
00:35:00.827 [main] INFO  testCases.TC_001_AccountRegistrationTest - Clicked on my Account link
00:35:01.482 [main] INFO  testCases.TC_001_AccountRegistrationTest - Clicked on my Registration link
00:35:01.484 [main] INFO  testCases.TC_001_AccountRegistrationTest - Providing customer details......
00:35:03.018 [main] INFO  testCases.TC_001_AccountRegistrationTest - Clicked on continue button...
00:35:03.066 [main] INFO  testCases.TC_001_AccountRegistrationTest - test  passed
00:35:03.067 [main] INFO  testCases.TC_001_AccountRegistrationTest - *********** Finished TC_001_AccountRegistrationTest ************ 
00:35:03.079 [main] INFO  testCases.TC_001_AccountRegistrationTest - Closing application...
00:35:03.216 [main] INFO  testCases.TC_002_LoginTest - Launching Chrome Browser..
00:35:07.792 [main] INFO  testCases.TC_002_LoginTest - Launching Browser...
00:35:08.259 [main] INFO  testCases.TC_002_LoginTest - Starting TC_002_LoginTest......
00:35:10.196 [main] INFO  testCases.TC_002_LoginTest - Finished TC_002_LoginTest......
00:35:10.199 [main] INFO  testCases.TC_002_LoginTest - Closing application...
00:36:29.005 [main] INFO  testCases.TC_001_AccountRegistrationTest - Launching Chrome Browser..
00:36:37.282 [main] INFO  testCases.TC_001_AccountRegistrationTest - Launching Browser...
00:36:37.773 [main] INFO  testCases.TC_001_AccountRegistrationTest - *********** Starting TC_001_AccountRegistrationTest ************ 
00:36:37.855 [main] INFO  testCases.TC_001_AccountRegistrationTest - Clicked on my Account link
00:36:38.863 [main] INFO  testCases.TC_001_AccountRegistrationTest - Clicked on my Registration link
00:36:38.865 [main] INFO  testCases.TC_001_AccountRegistrationTest - Providing customer details......
00:36:40.328 [main] INFO  testCases.TC_001_AccountRegistrationTest - Clicked on continue button...
00:36:40.370 [main] INFO  testCases.TC_001_AccountRegistrationTest - test  passed
00:36:40.371 [main] INFO  testCases.TC_001_AccountRegistrationTest - *********** Finished TC_001_AccountRegistrationTest ************ 
00:36:40.383 [main] INFO  testCases.TC_001_AccountRegistrationTest - Closing application...
00:36:40.526 [main] INFO  testCases.TC_002_LoginTest - Launching Chrome Browser..
00:36:47.726 [main] INFO  testCases.TC_002_LoginTest - Launching Browser...
00:36:48.216 [main] INFO  testCases.TC_002_LoginTest - Starting TC_002_LoginTest......
00:36:50.145 [main] INFO  testCases.TC_002_LoginTest - Finished TC_002_LoginTest......
00:36:50.146 [main] INFO  testCases.TC_002_LoginTest - Closing application...
